<?xml version="1.0" encoding="UTF-8"?>
<testng-results ignored="0" total="1" passed="1" failed="0" skipped="0">
  <reporter-output>
  </reporter-output>
  <suite started-at="2026-03-17T19:28:36 IST" name="Default suite" finished-at="2026-03-17T19:28:53 IST" duration-ms="17408">
    <groups>
    </groups>
    <test started-at="2026-03-17T19:28:36 IST" name="Default test" finished-at="2026-03-17T19:28:53 IST" duration-ms="17408">
      <class name="com.vts.Testcases.Testcases">
        <test-method is-config="true" signature="Setup()[pri:0, instance:com.vts.Testcases.Testcases@6743e411]" started-at="2026-03-17T19:28:36 IST" name="Setup" finished-at="2026-03-17T19:28:40 IST" duration-ms="4846" status="PASS">
          <reporter-output>
          </reporter-output>
        </test-method> <!-- Setup -->
        <test-method signature="ClickontheProductdetailspage()[pri:0, instance:com.vts.Testcases.Testcases@6743e411]" started-at="2026-03-17T19:28:40 IST" name="ClickontheProductdetailspage" finished-at="2026-03-17T19:28:53 IST" duration-ms="12075" status="PASS">
          <reporter-output>
          </reporter-output>
        </test-method> <!-- ClickontheProductdetailspage -->
        <test-method is-config="true" signature="TearDown()[pri:0, instance:com.vts.Testcases.Testcases@6743e411]" started-at="2026-03-17T19:28:53 IST" name="TearDown" finished-at="2026-03-17T19:28:53 IST" duration-ms="391" status="PASS">
          <reporter-output>
          </reporter-output>
        </test-method> <!-- TearDown -->
      </class> <!-- com.vts.Testcases.Testcases -->
    </test> <!-- Default test -->
  </suite> <!-- Default suite -->
</testng-results>
